빌드 시작: 2015-05-28 오전 6:04:33
     1>2 노드의 "C:\Users\s_vettel_desk\Desktop\대학원강의\항공우주임베디드\Man_Machine_Interace\Avionics_Interface_OpenGL\MMI_Lib_Main\MMI_Lib_Main\MMI_Lib_Main.vcxproj" 프로젝트(build 대상)입니다.
     1>InitializeBuildStatus:
         "AlwaysCreate"이(가) 지정되었기 때문에 "Debug\MMI_Lib_Main.unsuccessfulbuild"을(를) 만들고 있습니다.
       ClCompile:
         모든 출력이 최신 상태입니다.
         C:\Program Files (x86)\Microsoft Visual Studio 10.0\VC\bin\CL.exe /c /ZI /nologo /W3 /WX- /Od /Oy- /D WIN32 /D _DEBUG /D _WINDOWS /D _MBCS /Gm /EHsc /RTC1 /MDd /GS /fp:precise /Zc:wchar_t /Zc:forScope /Yu"StdAfx.h" /Fp"Debug\MMI_Lib_Main.pch" /Fo"Debug\\" /Fd"Debug\vc100.pdb" /Gd /TP /analyze- /errorReport:prompt MMI_Opengl_HUD.cpp
         MMI_Opengl_HUD.cpp
     1>c:\users\s_vettel_desk\desktop\대학원강의\항공우주임베디드\man_machine_interace\avionics_interface_opengl\mmi_lib_main\mmi_lib_main\mmi_opengl_hud.cpp(167): warning C4996: 'sprintf': This function or variable may be unsafe. Consider using sprintf_s instead. To disable deprecation, use _CRT_SECURE_NO_WARNINGS. See online help for details.
                 c:\program files (x86)\microsoft visual studio 10.0\vc\include\stdio.h(371) : 'sprintf' 선언을 참조하십시오.
     1>c:\users\s_vettel_desk\desktop\대학원강의\항공우주임베디드\man_machine_interace\avionics_interface_opengl\mmi_lib_main\mmi_lib_main\mmi_opengl_hud.cpp(176): warning C4996: 'sprintf': This function or variable may be unsafe. Consider using sprintf_s instead. To disable deprecation, use _CRT_SECURE_NO_WARNINGS. See online help for details.
                 c:\program files (x86)\microsoft visual studio 10.0\vc\include\stdio.h(371) : 'sprintf' 선언을 참조하십시오.
     1>c:\users\s_vettel_desk\desktop\대학원강의\항공우주임베디드\man_machine_interace\avionics_interface_opengl\mmi_lib_main\mmi_lib_main\mmi_opengl_hud.cpp(207): warning C4996: 'sprintf': This function or variable may be unsafe. Consider using sprintf_s instead. To disable deprecation, use _CRT_SECURE_NO_WARNINGS. See online help for details.
                 c:\program files (x86)\microsoft visual studio 10.0\vc\include\stdio.h(371) : 'sprintf' 선언을 참조하십시오.
     1>c:\users\s_vettel_desk\desktop\대학원강의\항공우주임베디드\man_machine_interace\avionics_interface_opengl\mmi_lib_main\mmi_lib_main\mmi_opengl_hud.cpp(216): warning C4996: 'sprintf': This function or variable may be unsafe. Consider using sprintf_s instead. To disable deprecation, use _CRT_SECURE_NO_WARNINGS. See online help for details.
                 c:\program files (x86)\microsoft visual studio 10.0\vc\include\stdio.h(371) : 'sprintf' 선언을 참조하십시오.
     1>c:\users\s_vettel_desk\desktop\대학원강의\항공우주임베디드\man_machine_interace\avionics_interface_opengl\mmi_lib_main\mmi_lib_main\mmi_opengl_hud.cpp(245): warning C4996: 'sprintf': This function or variable may be unsafe. Consider using sprintf_s instead. To disable deprecation, use _CRT_SECURE_NO_WARNINGS. See online help for details.
                 c:\program files (x86)\microsoft visual studio 10.0\vc\include\stdio.h(371) : 'sprintf' 선언을 참조하십시오.
     1>c:\users\s_vettel_desk\desktop\대학원강의\항공우주임베디드\man_machine_interace\avionics_interface_opengl\mmi_lib_main\mmi_lib_main\mmi_opengl_hud.cpp(255): warning C4996: 'sprintf': This function or variable may be unsafe. Consider using sprintf_s instead. To disable deprecation, use _CRT_SECURE_NO_WARNINGS. See online help for details.
                 c:\program files (x86)\microsoft visual studio 10.0\vc\include\stdio.h(371) : 'sprintf' 선언을 참조하십시오.
     1>c:\users\s_vettel_desk\desktop\대학원강의\항공우주임베디드\man_machine_interace\avionics_interface_opengl\mmi_lib_main\mmi_lib_main\mmi_opengl_hud.cpp(275): warning C4996: 'sprintf': This function or variable may be unsafe. Consider using sprintf_s instead. To disable deprecation, use _CRT_SECURE_NO_WARNINGS. See online help for details.
                 c:\program files (x86)\microsoft visual studio 10.0\vc\include\stdio.h(371) : 'sprintf' 선언을 참조하십시오.
     1>c:\users\s_vettel_desk\desktop\대학원강의\항공우주임베디드\man_machine_interace\avionics_interface_opengl\mmi_lib_main\mmi_lib_main\mmi_opengl_hud.cpp(312): warning C4996: 'sprintf': This function or variable may be unsafe. Consider using sprintf_s instead. To disable deprecation, use _CRT_SECURE_NO_WARNINGS. See online help for details.
                 c:\program files (x86)\microsoft visual studio 10.0\vc\include\stdio.h(371) : 'sprintf' 선언을 참조하십시오.
     1>c:\users\s_vettel_desk\desktop\대학원강의\항공우주임베디드\man_machine_interace\avionics_interface_opengl\mmi_lib_main\mmi_lib_main\mmi_opengl_hud.cpp(342): warning C4996: 'sprintf': This function or variable may be unsafe. Consider using sprintf_s instead. To disable deprecation, use _CRT_SECURE_NO_WARNINGS. See online help for details.
                 c:\program files (x86)\microsoft visual studio 10.0\vc\include\stdio.h(371) : 'sprintf' 선언을 참조하십시오.
     1>c:\users\s_vettel_desk\desktop\대학원강의\항공우주임베디드\man_machine_interace\avionics_interface_opengl\mmi_lib_main\mmi_lib_main\mmi_opengl_hud.cpp(363): warning C4996: 'sprintf': This function or variable may be unsafe. Consider using sprintf_s instead. To disable deprecation, use _CRT_SECURE_NO_WARNINGS. See online help for details.
                 c:\program files (x86)\microsoft visual studio 10.0\vc\include\stdio.h(371) : 'sprintf' 선언을 참조하십시오.
     1>c:\users\s_vettel_desk\desktop\대학원강의\항공우주임베디드\man_machine_interace\avionics_interface_opengl\mmi_lib_main\mmi_lib_main\mmi_opengl_hud.cpp(407): warning C4996: 'sprintf': This function or variable may be unsafe. Consider using sprintf_s instead. To disable deprecation, use _CRT_SECURE_NO_WARNINGS. See online help for details.
                 c:\program files (x86)\microsoft visual studio 10.0\vc\include\stdio.h(371) : 'sprintf' 선언을 참조하십시오.
     1>c:\users\s_vettel_desk\desktop\대학원강의\항공우주임베디드\man_machine_interace\avionics_interface_opengl\mmi_lib_main\mmi_lib_main\mmi_opengl_hud.cpp(444): warning C4996: 'sprintf': This function or variable may be unsafe. Consider using sprintf_s instead. To disable deprecation, use _CRT_SECURE_NO_WARNINGS. See online help for details.
                 c:\program files (x86)\microsoft visual studio 10.0\vc\include\stdio.h(371) : 'sprintf' 선언을 참조하십시오.
     1>c:\users\s_vettel_desk\desktop\대학원강의\항공우주임베디드\man_machine_interace\avionics_interface_opengl\mmi_lib_main\mmi_lib_main\mmi_opengl_hud.cpp(474): warning C4996: 'sprintf': This function or variable may be unsafe. Consider using sprintf_s instead. To disable deprecation, use _CRT_SECURE_NO_WARNINGS. See online help for details.
                 c:\program files (x86)\microsoft visual studio 10.0\vc\include\stdio.h(371) : 'sprintf' 선언을 참조하십시오.
     1>c:\users\s_vettel_desk\desktop\대학원강의\항공우주임베디드\man_machine_interace\avionics_interface_opengl\mmi_lib_main\mmi_lib_main\mmi_opengl_hud.cpp(495): warning C4996: 'sprintf': This function or variable may be unsafe. Consider using sprintf_s instead. To disable deprecation, use _CRT_SECURE_NO_WARNINGS. See online help for details.
                 c:\program files (x86)\microsoft visual studio 10.0\vc\include\stdio.h(371) : 'sprintf' 선언을 참조하십시오.
     1>c:\users\s_vettel_desk\desktop\대학원강의\항공우주임베디드\man_machine_interace\avionics_interface_opengl\mmi_lib_main\mmi_lib_main\mmi_opengl_hud.cpp(556): warning C4996: 'sprintf': This function or variable may be unsafe. Consider using sprintf_s instead. To disable deprecation, use _CRT_SECURE_NO_WARNINGS. See online help for details.
                 c:\program files (x86)\microsoft visual studio 10.0\vc\include\stdio.h(371) : 'sprintf' 선언을 참조하십시오.
     1>c:\users\s_vettel_desk\desktop\대학원강의\항공우주임베디드\man_machine_interace\avionics_interface_opengl\mmi_lib_main\mmi_lib_main\mmi_opengl_hud.cpp(735): warning C4996: 'sprintf': This function or variable may be unsafe. Consider using sprintf_s instead. To disable deprecation, use _CRT_SECURE_NO_WARNINGS. See online help for details.
                 c:\program files (x86)\microsoft visual studio 10.0\vc\include\stdio.h(371) : 'sprintf' 선언을 참조하십시오.
     1>c:\users\s_vettel_desk\desktop\대학원강의\항공우주임베디드\man_machine_interace\avionics_interface_opengl\mmi_lib_main\mmi_lib_main\mmi_opengl_hud.cpp(756): warning C4996: 'sprintf': This function or variable may be unsafe. Consider using sprintf_s instead. To disable deprecation, use _CRT_SECURE_NO_WARNINGS. See online help for details.
                 c:\program files (x86)\microsoft visual studio 10.0\vc\include\stdio.h(371) : 'sprintf' 선언을 참조하십시오.
     1>c:\users\s_vettel_desk\desktop\대학원강의\항공우주임베디드\man_machine_interace\avionics_interface_opengl\mmi_lib_main\mmi_lib_main\mmi_opengl_hud.cpp(776): warning C4996: 'sprintf': This function or variable may be unsafe. Consider using sprintf_s instead. To disable deprecation, use _CRT_SECURE_NO_WARNINGS. See online help for details.
                 c:\program files (x86)\microsoft visual studio 10.0\vc\include\stdio.h(371) : 'sprintf' 선언을 참조하십시오.
     1>c:\users\s_vettel_desk\desktop\대학원강의\항공우주임베디드\man_machine_interace\avionics_interface_opengl\mmi_lib_main\mmi_lib_main\mmi_opengl_hud.cpp(792): warning C4996: 'sprintf': This function or variable may be unsafe. Consider using sprintf_s instead. To disable deprecation, use _CRT_SECURE_NO_WARNINGS. See online help for details.
                 c:\program files (x86)\microsoft visual studio 10.0\vc\include\stdio.h(371) : 'sprintf' 선언을 참조하십시오.
     1>c:\users\s_vettel_desk\desktop\대학원강의\항공우주임베디드\man_machine_interace\avionics_interface_opengl\mmi_lib_main\mmi_lib_main\mmi_opengl_hud.cpp(808): warning C4996: 'sprintf': This function or variable may be unsafe. Consider using sprintf_s instead. To disable deprecation, use _CRT_SECURE_NO_WARNINGS. See online help for details.
                 c:\program files (x86)\microsoft visual studio 10.0\vc\include\stdio.h(371) : 'sprintf' 선언을 참조하십시오.
     1>c:\users\s_vettel_desk\desktop\대학원강의\항공우주임베디드\man_machine_interace\avionics_interface_opengl\mmi_lib_main\mmi_lib_main\mmi_opengl_hud.cpp(823): warning C4996: 'sprintf': This function or variable may be unsafe. Consider using sprintf_s instead. To disable deprecation, use _CRT_SECURE_NO_WARNINGS. See online help for details.
                 c:\program files (x86)\microsoft visual studio 10.0\vc\include\stdio.h(371) : 'sprintf' 선언을 참조하십시오.
     1>c:\users\s_vettel_desk\desktop\대학원강의\항공우주임베디드\man_machine_interace\avionics_interface_opengl\mmi_lib_main\mmi_lib_main\mmi_opengl_hud.cpp(838): warning C4996: 'sprintf': This function or variable may be unsafe. Consider using sprintf_s instead. To disable deprecation, use _CRT_SECURE_NO_WARNINGS. See online help for details.
                 c:\program files (x86)\microsoft visual studio 10.0\vc\include\stdio.h(371) : 'sprintf' 선언을 참조하십시오.
     1>c:\users\s_vettel_desk\desktop\대학원강의\항공우주임베디드\man_machine_interace\avionics_interface_opengl\mmi_lib_main\mmi_lib_main\mmi_opengl_hud.cpp(845): warning C4996: 'sprintf': This function or variable may be unsafe. Consider using sprintf_s instead. To disable deprecation, use _CRT_SECURE_NO_WARNINGS. See online help for details.
                 c:\program files (x86)\microsoft visual studio 10.0\vc\include\stdio.h(371) : 'sprintf' 선언을 참조하십시오.
     1>c:\users\s_vettel_desk\desktop\대학원강의\항공우주임베디드\man_machine_interace\avionics_interface_opengl\mmi_lib_main\mmi_lib_main\mmi_opengl_hud.cpp(861): warning C4996: 'sprintf': This function or variable may be unsafe. Consider using sprintf_s instead. To disable deprecation, use _CRT_SECURE_NO_WARNINGS. See online help for details.
                 c:\program files (x86)\microsoft visual studio 10.0\vc\include\stdio.h(371) : 'sprintf' 선언을 참조하십시오.
     1>c:\users\s_vettel_desk\desktop\대학원강의\항공우주임베디드\man_machine_interace\avionics_interface_opengl\mmi_lib_main\mmi_lib_main\mmi_opengl_hud.cpp(868): warning C4996: 'sprintf': This function or variable may be unsafe. Consider using sprintf_s instead. To disable deprecation, use _CRT_SECURE_NO_WARNINGS. See online help for details.
                 c:\program files (x86)\microsoft visual studio 10.0\vc\include\stdio.h(371) : 'sprintf' 선언을 참조하십시오.
     1>c:\users\s_vettel_desk\desktop\대학원강의\항공우주임베디드\man_machine_interace\avionics_interface_opengl\mmi_lib_main\mmi_lib_main\mmi_opengl_hud.cpp(892): warning C4996: 'sprintf': This function or variable may be unsafe. Consider using sprintf_s instead. To disable deprecation, use _CRT_SECURE_NO_WARNINGS. See online help for details.
                 c:\program files (x86)\microsoft visual studio 10.0\vc\include\stdio.h(371) : 'sprintf' 선언을 참조하십시오.
     1>c:\users\s_vettel_desk\desktop\대학원강의\항공우주임베디드\man_machine_interace\avionics_interface_opengl\mmi_lib_main\mmi_lib_main\mmi_opengl_hud.cpp(899): warning C4996: 'sprintf': This function or variable may be unsafe. Consider using sprintf_s instead. To disable deprecation, use _CRT_SECURE_NO_WARNINGS. See online help for details.
                 c:\program files (x86)\microsoft visual studio 10.0\vc\include\stdio.h(371) : 'sprintf' 선언을 참조하십시오.
     1>c:\users\s_vettel_desk\desktop\대학원강의\항공우주임베디드\man_machine_interace\avionics_interface_opengl\mmi_lib_main\mmi_lib_main\mmi_opengl_hud.cpp(930): warning C4996: 'sprintf': This function or variable may be unsafe. Consider using sprintf_s instead. To disable deprecation, use _CRT_SECURE_NO_WARNINGS. See online help for details.
                 c:\program files (x86)\microsoft visual studio 10.0\vc\include\stdio.h(371) : 'sprintf' 선언을 참조하십시오.
     1>c:\users\s_vettel_desk\desktop\대학원강의\항공우주임베디드\man_machine_interace\avionics_interface_opengl\mmi_lib_main\mmi_lib_main\mmi_opengl_hud.cpp(937): warning C4996: 'sprintf': This function or variable may be unsafe. Consider using sprintf_s instead. To disable deprecation, use _CRT_SECURE_NO_WARNINGS. See online help for details.
                 c:\program files (x86)\microsoft visual studio 10.0\vc\include\stdio.h(371) : 'sprintf' 선언을 참조하십시오.
     1>c:\users\s_vettel_desk\desktop\대학원강의\항공우주임베디드\man_machine_interace\avionics_interface_opengl\mmi_lib_main\mmi_lib_main\mmi_opengl_hud.cpp(944): warning C4996: 'sprintf': This function or variable may be unsafe. Consider using sprintf_s instead. To disable deprecation, use _CRT_SECURE_NO_WARNINGS. See online help for details.
                 c:\program files (x86)\microsoft visual studio 10.0\vc\include\stdio.h(371) : 'sprintf' 선언을 참조하십시오.
     1>c:\users\s_vettel_desk\desktop\대학원강의\항공우주임베디드\man_machine_interace\avionics_interface_opengl\mmi_lib_main\mmi_lib_main\mmi_opengl_hud.cpp(964): warning C4996: 'sprintf': This function or variable may be unsafe. Consider using sprintf_s instead. To disable deprecation, use _CRT_SECURE_NO_WARNINGS. See online help for details.
                 c:\program files (x86)\microsoft visual studio 10.0\vc\include\stdio.h(371) : 'sprintf' 선언을 참조하십시오.
     1>c:\users\s_vettel_desk\desktop\대학원강의\항공우주임베디드\man_machine_interace\avionics_interface_opengl\mmi_lib_main\mmi_lib_main\mmi_opengl_hud.cpp(971): warning C4996: 'sprintf': This function or variable may be unsafe. Consider using sprintf_s instead. To disable deprecation, use _CRT_SECURE_NO_WARNINGS. See online help for details.
                 c:\program files (x86)\microsoft visual studio 10.0\vc\include\stdio.h(371) : 'sprintf' 선언을 참조하십시오.
     1>c:\users\s_vettel_desk\desktop\대학원강의\항공우주임베디드\man_machine_interace\avionics_interface_opengl\mmi_lib_main\mmi_lib_main\mmi_opengl_hud.cpp(1025): warning C4996: 'sprintf': This function or variable may be unsafe. Consider using sprintf_s instead. To disable deprecation, use _CRT_SECURE_NO_WARNINGS. See online help for details.
                 c:\program files (x86)\microsoft visual studio 10.0\vc\include\stdio.h(371) : 'sprintf' 선언을 참조하십시오.
     1>c:\users\s_vettel_desk\desktop\대학원강의\항공우주임베디드\man_machine_interace\avionics_interface_opengl\mmi_lib_main\mmi_lib_main\mmi_opengl_hud.cpp(1032): warning C4996: 'sprintf': This function or variable may be unsafe. Consider using sprintf_s instead. To disable deprecation, use _CRT_SECURE_NO_WARNINGS. See online help for details.
                 c:\program files (x86)\microsoft visual studio 10.0\vc\include\stdio.h(371) : 'sprintf' 선언을 참조하십시오.
     1>c:\users\s_vettel_desk\desktop\대학원강의\항공우주임베디드\man_machine_interace\avionics_interface_opengl\mmi_lib_main\mmi_lib_main\mmi_opengl_hud.cpp(1099): warning C4996: 'sprintf': This function or variable may be unsafe. Consider using sprintf_s instead. To disable deprecation, use _CRT_SECURE_NO_WARNINGS. See online help for details.
                 c:\program files (x86)\microsoft visual studio 10.0\vc\include\stdio.h(371) : 'sprintf' 선언을 참조하십시오.
     1>c:\users\s_vettel_desk\desktop\대학원강의\항공우주임베디드\man_machine_interace\avionics_interface_opengl\mmi_lib_main\mmi_lib_main\mmi_opengl_hud.cpp(1106): warning C4996: 'sprintf': This function or variable may be unsafe. Consider using sprintf_s instead. To disable deprecation, use _CRT_SECURE_NO_WARNINGS. See online help for details.
                 c:\program files (x86)\microsoft visual studio 10.0\vc\include\stdio.h(371) : 'sprintf' 선언을 참조하십시오.
     1>c:\users\s_vettel_desk\desktop\대학원강의\항공우주임베디드\man_machine_interace\avionics_interface_opengl\mmi_lib_main\mmi_lib_main\mmi_opengl_hud.cpp(1140): warning C4996: 'sprintf': This function or variable may be unsafe. Consider using sprintf_s instead. To disable deprecation, use _CRT_SECURE_NO_WARNINGS. See online help for details.
                 c:\program files (x86)\microsoft visual studio 10.0\vc\include\stdio.h(371) : 'sprintf' 선언을 참조하십시오.
     1>c:\users\s_vettel_desk\desktop\대학원강의\항공우주임베디드\man_machine_interace\avionics_interface_opengl\mmi_lib_main\mmi_lib_main\mmi_opengl_hud.cpp(1143): warning C4996: 'sprintf': This function or variable may be unsafe. Consider using sprintf_s instead. To disable deprecation, use _CRT_SECURE_NO_WARNINGS. See online help for details.
                 c:\program files (x86)\microsoft visual studio 10.0\vc\include\stdio.h(371) : 'sprintf' 선언을 참조하십시오.
     1>c:\users\s_vettel_desk\desktop\대학원강의\항공우주임베디드\man_machine_interace\avionics_interface_opengl\mmi_lib_main\mmi_lib_main\mmi_opengl_hud.cpp(1168): warning C4996: 'sprintf': This function or variable may be unsafe. Consider using sprintf_s instead. To disable deprecation, use _CRT_SECURE_NO_WARNINGS. See online help for details.
                 c:\program files (x86)\microsoft visual studio 10.0\vc\include\stdio.h(371) : 'sprintf' 선언을 참조하십시오.
     1>c:\users\s_vettel_desk\desktop\대학원강의\항공우주임베디드\man_machine_interace\avionics_interface_opengl\mmi_lib_main\mmi_lib_main\mmi_opengl_hud.cpp(1171): warning C4996: 'sprintf': This function or variable may be unsafe. Consider using sprintf_s instead. To disable deprecation, use _CRT_SECURE_NO_WARNINGS. See online help for details.
                 c:\program files (x86)\microsoft visual studio 10.0\vc\include\stdio.h(371) : 'sprintf' 선언을 참조하십시오.
       ResourceCompile:
         모든 출력이 최신 상태입니다.
       ManifestResourceCompile:
         모든 출력이 최신 상태입니다.
       Link:
         C:\Program Files (x86)\Microsoft Visual Studio 10.0\VC\bin\link.exe /ERRORREPORT:PROMPT /OUT:"C:\Users\s_vettel_desk\Desktop\대학원강의\항공우주임베디드\Man_Machine_Interace\Avionics_Interface_OpenGL\MMI_Lib_Main\Debug\MMI_Lib_Main.exe" /INCREMENTAL /NOLOGO opengl32.lib glu32.lib glut32.lib kernel32.lib user32.lib gdi32.lib winspool.lib comdlg32.lib advapi32.lib shell32.lib ole32.lib oleaut32.lib uuid.lib odbc32.lib odbccp32.lib /MANIFEST /ManifestFile:"Debug\MMI_Lib_Main.exe.intermediate.manifest" /MANIFESTUAC:"level='requireAdministrator' uiAccess='false'" /DEBUG /PDB:"C:\Users\s_vettel_desk\Desktop\대학원강의\항공우주임베디드\Man_Machine_Interace\Avionics_Interface_OpenGL\MMI_Lib_Main\Debug\MMI_Lib_Main.pdb" /SUBSYSTEM:WINDOWS /TLBID:1 /DYNAMICBASE /NXCOMPAT /IMPLIB:"C:\Users\s_vettel_desk\Desktop\대학원강의\항공우주임베디드\Man_Machine_Interace\Avionics_Interface_OpenGL\MMI_Lib_Main\Debug\MMI_Lib_Main.lib" /MACHINE:X86 Debug\MMI_Lib_Main.res
         Debug\MMI_Lib_Main.exe.embed.manifest.res
         Debug\MMI_Lib_Main.obj
         Debug\MMI_Opengl_HUD.obj
         Debug\MMI_Opengl_Window.obj
         Debug\stdafx.obj
       Manifest:
         C:\Program Files (x86)\Microsoft SDKs\Windows\v7.0A\bin\mt.exe /nologo /verbose /out:"Debug\MMI_Lib_Main.exe.embed.manifest" /manifest Debug\MMI_Lib_Main.exe.intermediate.manifest
         모든 출력이 최신 상태입니다.
       LinkEmbedManifest:
         모든 출력이 최신 상태입니다.
         MMI_Lib_Main.vcxproj -> C:\Users\s_vettel_desk\Desktop\대학원강의\항공우주임베디드\Man_Machine_Interace\Avionics_Interface_OpenGL\MMI_Lib_Main\Debug\MMI_Lib_Main.exe
       FinalizeBuildStatus:
         "Debug\MMI_Lib_Main.unsuccessfulbuild" 파일을 삭제하고 있습니다.
         "Debug\MMI_Lib_Main.lastbuildstate"에 연결(touching)하고 있습니다.
     1>"C:\Users\s_vettel_desk\Desktop\대학원강의\항공우주임베디드\Man_Machine_Interace\Avionics_Interface_OpenGL\MMI_Lib_Main\MMI_Lib_Main\MMI_Lib_Main.vcxproj" 프로젝트를 빌드했습니다(build 대상).

빌드했습니다.

경과 시간: 00:00:01.10
